<?xml version="1.0" encoding="UTF-8"?>
<!-- Generated by org.testng.reporters.JUnitReportReporter -->
<testsuite skipped="0" hostname="LAPTOP-KVHSCQRU" name="firtpkg.SecondPkgClass" tests="3" failures="0" timestamp="09 Aug 2019 09:38:43 GMT" time="0.003" errors="0">
  <testcase name="f" time="0.001" classname="firtpkg.SecondPkgClass"/>
  <testcase name="testSecondclass" time="0.001" classname="firtpkg.SecondPkgClass"/>
  <testcase name="testscndSecondclass" time="0.001" classname="firtpkg.SecondPkgClass"/>
</testsuite> <!-- firtpkg.SecondPkgClass -->
