<?xml version="1.0" encoding="UTF-8"?>
<!-- Generated by org.testng.reporters.JUnitReportReporter -->
<testsuite skipped="0" hostname="LAPTOP-KVHSCQRU" name="firtpkg.FirstClass" tests="2" failures="0" timestamp="09 Aug 2019 09:40:23 GMT" time="0.006" errors="0">
  <testcase name="testSecndclass" time="0.005" classname="firtpkg.FirstClass"/>
  <testcase name="testfirstclass" time="0.001" classname="firtpkg.FirstClass"/>
</testsuite> <!-- firtpkg.FirstClass -->
