<?xml version="1.0" encoding="UTF-8"?>
<!-- Generated by org.testng.reporters.JUnitReportReporter -->
<testsuite skipped="0" hostname="LAPTOP-KVHSCQRU" name="Tests.Login_Test" tests="3" failures="0" timestamp="21 Dec 2019 16:53:58 GMT" time="14.028" errors="0">
  <testcase name="login_test" time="2.744" classname="Tests.Login_Test"/>
  <testcase name="workFlows_Definition" time="8.857" classname="Tests.Login_Test"/>
  <testcase name="project_Creation_Test" time="2.427" classname="Tests.Login_Test"/>
</testsuite> <!-- Tests.Login_Test -->
