<?xml version="1.0" encoding="UTF-8"?>
<!-- Generated by org.testng.reporters.JUnitReportReporter -->
<testsuite skipped="0" hostname="LAPTOP-KVHSCQRU" name="SecondPkg.SecondPkgClass" tests="7" failures="0" timestamp="09 Aug 2019 10:33:36 GMT" time="0.019" errors="0">
  <testcase name="paramtest" time="0.001" classname="SecondPkg.SecondPkgClass"/>
  <testcase name="paramtest" time="0.001" classname="SecondPkg.SecondPkgClass"/>
  <testcase name="paramtest" time="0.000" classname="SecondPkg.SecondPkgClass"/>
  <testcase name="paramtest" time="0.008" classname="SecondPkg.SecondPkgClass"/>
  <testcase name="paramtest" time="0.001" classname="SecondPkg.SecondPkgClass"/>
  <testcase name="paramtest" time="0.006" classname="SecondPkg.SecondPkgClass"/>
  <testcase name="paramtest" time="0.002" classname="SecondPkg.SecondPkgClass"/>
</testsuite> <!-- SecondPkg.SecondPkgClass -->
